<?xml version="1.0" encoding="UTF-8"?>
<Site BuildName="Linux-g++-9"
	BuildStamp="20210429-1541-Experimental"
	Name="massmax-NBLK-WAX9X"
	Generator="ctest-3.16.3"
	CompilerName="/usr/bin/g++-9"
	CompilerVersion="9.3.0"
	OSName="Linux"
	Hostname="massmax-NBLK-WAX9X"
	OSRelease="5.4.0-72-generic"
	OSVersion="#80-Ubuntu SMP Mon Apr 12 17:35:00 UTC 2021"
	OSPlatform="x86_64"
	Is64Bits="1"
	VendorString="AuthenticAMD"
	VendorID="Advanced Micro Devices"
	FamilyID="23"
	ModelID="24"
	ProcessorCacheSize="512"
	NumberOfLogicalCPU="8"
	NumberOfPhysicalCPU="4"
	TotalVirtualMemory="2047"
	TotalPhysicalMemory="6951"
	LogicalProcessorsPerPhysical="2"
	ProcessorClockFrequency="1827.65"
	>
	<Testing>
		<StartDateTime>Apr 29 17:41 CEST</StartDateTime>
		<StartTestTime>1619710880</StartTestTime>
		<TestList/>
		<EndDateTime>Apr 29 17:41 CEST</EndDateTime>
		<EndTestTime>1619710880</EndTestTime>
		<ElapsedMinutes>0</ElapsedMinutes>
	</Testing>
</Site>
